[0.374s] [34mcolcon[0m [1;30mDEBUG[0m [32mCommand line arguments: ['/home/hopkira/py311_ros/bin/colcon', 'build', '--symlink-install', '--packages-select', 'k9_chess'][0m
[0.374s] [34mcolcon[0m [1;30mDEBUG[0m [32mParsed command line arguments: Namespace(log_base=None, log_level=None, verb_name='build', build_base='build', install_base='install', merge_install=False, symlink_install=True, test_result_base=None, continue_on_error=False, executor='parallel', parallel_workers=4, event_handlers=None, ignore_user_meta=False, metas=['./colcon.meta'], base_paths=['.'], packages_ignore=None, packages_ignore_regex=None, paths=None, packages_up_to=None, packages_up_to_regex=None, packages_above=None, packages_above_and_dependencies=None, packages_above_depth=None, packages_select_by_dep=None, packages_skip_by_dep=None, packages_skip_up_to=None, packages_select_build_failed=False, packages_skip_build_finished=False, packages_select_test_failures=False, packages_skip_test_passed=False, packages_select=['k9_chess'], packages_skip=None, packages_select_regex=None, packages_skip_regex=None, packages_start=None, packages_end=None, cmake_args=None, cmake_target=None, cmake_target_skip_unavailable=False, cmake_clean_cache=False, cmake_clean_first=False, cmake_force_configure=False, ament_cmake_args=None, catkin_cmake_args=None, catkin_skip_building_tests=False, verb_parser=<colcon_defaults.argument_parser.defaults.DefaultArgumentsDecorator object at 0x7ffefeee7850>, verb_extension=<colcon_core.verb.build.BuildVerb object at 0x7ffefdee2ad0>, main=<bound method BuildVerb.main of <colcon_core.verb.build.BuildVerb object at 0x7ffefdee2ad0>>)[0m
[0.453s] [34mcolcon.colcon_core.package_discovery[0m [1;30mLevel 1[0m discover_packages(colcon_meta) check parameters
[0.453s] [34mcolcon.colcon_core.package_discovery[0m [1;30mLevel 1[0m discover_packages(recursive) check parameters
[0.453s] [34mcolcon.colcon_core.package_discovery[0m [1;30mLevel 1[0m discover_packages(ignore) check parameters
[0.454s] [34mcolcon.colcon_core.package_discovery[0m [1;30mLevel 1[0m discover_packages(path) check parameters
[0.454s] [34mcolcon.colcon_core.package_discovery[0m [1;30mLevel 1[0m discover_packages(colcon_meta) discover
[0.454s] [34mcolcon.colcon_core.package_discovery[0m [1;30mLevel 1[0m discover_packages(recursive) discover
[0.454s] [34mcolcon.colcon_core.package_discovery[0m [1;30mINFO[0m Crawling recursively for packages in '/home/hopkira/k9_ws/src/k9_chess'
[0.454s] [34mcolcon.colcon_core.package_identification[0m [1;30mLevel 1[0m _identify(.) by extensions ['ignore', 'ignore_ament_install']
[0.454s] [34mcolcon.colcon_core.package_identification[0m [1;30mLevel 1[0m _identify(.) by extension 'ignore'
[0.454s] [34mcolcon.colcon_core.package_identification[0m [1;30mLevel 1[0m _identify(.) by extension 'ignore_ament_install'
[0.454s] [34mcolcon.colcon_core.package_identification[0m [1;30mLevel 1[0m _identify(.) by extensions ['colcon_pkg']
[0.454s] [34mcolcon.colcon_core.package_identification[0m [1;30mLevel 1[0m _identify(.) by extension 'colcon_pkg'
[0.454s] [34mcolcon.colcon_core.package_identification[0m [1;30mLevel 1[0m _identify(.) by extensions ['colcon_meta']
[0.454s] [34mcolcon.colcon_core.package_identification[0m [1;30mLevel 1[0m _identify(.) by extension 'colcon_meta'
[0.454s] [34mcolcon.colcon_core.package_identification[0m [1;30mLevel 1[0m _identify(.) by extensions ['ros']
[0.454s] [34mcolcon.colcon_core.package_identification[0m [1;30mLevel 1[0m _identify(.) by extension 'ros'
[0.493s] [34mcolcon.colcon_core.package_identification[0m [1;30mDEBUG[0m [32mFailed to parse potential ROS package manifest in'.': Error(s) in package './package.xml':
Error(s):
- The generic dependency on 'rclpy' is redundant with: exec_depend[0m
[0.493s] [34mcolcon.colcon_core.package_identification[0m [1;30mLevel 1[0m _identify(.) by extensions ['cmake', 'python']
[0.493s] [34mcolcon.colcon_core.package_identification[0m [1;30mLevel 1[0m _identify(.) by extension 'cmake'
[0.494s] [34mcolcon.colcon_core.package_identification[0m [1;30mLevel 1[0m _identify(.) by extension 'python'
[0.494s] [34mcolcon.colcon_core.package_identification[0m [1;30mLevel 1[0m _identify(.) by extensions ['python_setup_py']
[0.494s] [34mcolcon.colcon_core.package_identification[0m [1;30mLevel 1[0m _identify(.) by extension 'python_setup_py'
[1.086s] [34mcolcon.colcon_core.package_identification[0m [1;30mDEBUG[0m [32mPackage '.' with type 'python' and name 'k9_chess'[0m
[1.086s] [34mcolcon.colcon_core.package_discovery[0m [1;30mLevel 1[0m discover_packages(recursive) using defaults
[1.086s] [34mcolcon.colcon_core.package_discovery[0m [1;30mLevel 1[0m discover_packages(ignore) discover
[1.086s] [34mcolcon.colcon_core.package_discovery[0m [1;30mLevel 1[0m discover_packages(ignore) using defaults
[1.086s] [34mcolcon.colcon_core.package_discovery[0m [1;30mLevel 1[0m discover_packages(path) discover
[1.086s] [34mcolcon.colcon_core.package_discovery[0m [1;30mLevel 1[0m discover_packages(path) using defaults
[1.149s] [34mcolcon.colcon_core.verb[0m [1;30mLevel 5[0m set package 'k9_chess' build argument 'cmake_args' from command line to 'None'
[1.149s] [34mcolcon.colcon_core.verb[0m [1;30mLevel 5[0m set package 'k9_chess' build argument 'cmake_target' from command line to 'None'
[1.149s] [34mcolcon.colcon_core.verb[0m [1;30mLevel 5[0m set package 'k9_chess' build argument 'cmake_target_skip_unavailable' from command line to 'False'
[1.149s] [34mcolcon.colcon_core.verb[0m [1;30mLevel 5[0m set package 'k9_chess' build argument 'cmake_clean_cache' from command line to 'False'
[1.149s] [34mcolcon.colcon_core.verb[0m [1;30mLevel 5[0m set package 'k9_chess' build argument 'cmake_clean_first' from command line to 'False'
[1.149s] [34mcolcon.colcon_core.verb[0m [1;30mLevel 5[0m set package 'k9_chess' build argument 'cmake_force_configure' from command line to 'False'
[1.149s] [34mcolcon.colcon_core.verb[0m [1;30mLevel 5[0m set package 'k9_chess' build argument 'ament_cmake_args' from command line to 'None'
[1.149s] [34mcolcon.colcon_core.verb[0m [1;30mLevel 5[0m set package 'k9_chess' build argument 'catkin_cmake_args' from command line to 'None'
[1.149s] [34mcolcon.colcon_core.verb[0m [1;30mLevel 5[0m set package 'k9_chess' build argument 'catkin_skip_building_tests' from command line to 'False'
[1.149s] [34mcolcon.colcon_core.verb[0m [1;30mDEBUG[0m [32mBuilding package 'k9_chess' with the following arguments: {'ament_cmake_args': None, 'build_base': '/home/hopkira/k9_ws/src/k9_chess/build/k9_chess', 'catkin_cmake_args': None, 'catkin_skip_building_tests': False, 'cmake_args': None, 'cmake_clean_cache': False, 'cmake_clean_first': False, 'cmake_force_configure': False, 'cmake_target': None, 'cmake_target_skip_unavailable': False, 'install_base': '/home/hopkira/k9_ws/src/k9_chess/install/k9_chess', 'merge_install': False, 'path': '/home/hopkira/k9_ws/src/k9_chess', 'symlink_install': True, 'test_result_base': None}[0m
[1.149s] [34mcolcon.colcon_core.executor[0m [1;30mINFO[0m Executing jobs using 'parallel' executor
[1.150s] [34mcolcon.colcon_parallel_executor.executor.parallel[0m [1;30mDEBUG[0m [32mrun_until_complete[0m
[1.151s] [34mcolcon.colcon_core.task.python.build[0m [1;30mINFO[0m Building Python package in '/home/hopkira/k9_ws/src/k9_chess'
[1.158s] [34mcolcon.colcon_core.plugin_system[0m [1;30mINFO[0m Skipping extension 'colcon_core.shell.bat': Not used on non-Windows systems
[1.158s] [34mcolcon.colcon_core.shell[0m [1;30mINFO[0m Skip shell extension 'powershell' for command environment: Not usable outside of PowerShell
[1.158s] [34mcolcon.colcon_core.shell[0m [1;30mDEBUG[0m [32mSkip shell extension 'dsv' for command environment[0m
[1.159s] [34mcolcon.colcon_core.prefix_path.colcon[0m [1;30mWARNING[0m [33mThe path '/home/hopkira/k9_ws/src/k9_chess_pkg/k9_chess_interfaces/install' in the environment variable COLCON_PREFIX_PATH doesn't exist[0m
[1.159s] [34mcolcon.colcon_ros.prefix_path.ament[0m [1;30mWARNING[0m [33mThe path '/home/hopkira/k9_ws/src/k9_chess_pkg/k9_chess_interfaces/install/k9_chess_interfaces' in the environment variable AMENT_PREFIX_PATH doesn't exist[0m
[1.169s] [34mcolcon.colcon_ros.prefix_path.ament[0m [1;30mWARNING[0m [33mThe path '/home/hopkira/k9_ws/install/vision_opencv' in the environment variable AMENT_PREFIX_PATH doesn't exist[0m
[1.169s] [34mcolcon.colcon_ros.prefix_path.ament[0m [1;30mWARNING[0m [33mThe path '/home/hopkira/k9_ws/install/diagnostics' in the environment variable AMENT_PREFIX_PATH doesn't exist[0m
[1.169s] [34mcolcon.colcon_ros.prefix_path.ament[0m [1;30mWARNING[0m [33mThe path '/home/hopkira/k9_ws/install/self_test' in the environment variable AMENT_PREFIX_PATH doesn't exist[0m
[1.169s] [34mcolcon.colcon_ros.prefix_path.ament[0m [1;30mWARNING[0m [33mThe path '/home/hopkira/k9_ws/install/opencv_tests' in the environment variable AMENT_PREFIX_PATH doesn't exist[0m
[1.169s] [34mcolcon.colcon_ros.prefix_path.ament[0m [1;30mWARNING[0m [33mThe path '/home/hopkira/k9_ws/install/k9_system_pkg' in the environment variable AMENT_PREFIX_PATH doesn't exist[0m
[1.169s] [34mcolcon.colcon_ros.prefix_path.ament[0m [1;30mWARNING[0m [33mThe path '/home/hopkira/k9_ws/install/k9_interfaces_pkg' in the environment variable AMENT_PREFIX_PATH doesn't exist[0m
[1.169s] [34mcolcon.colcon_ros.prefix_path.ament[0m [1;30mWARNING[0m [33mThe path '/home/hopkira/k9_ws/install/image_geometry' in the environment variable AMENT_PREFIX_PATH doesn't exist[0m
[1.169s] [34mcolcon.colcon_ros.prefix_path.ament[0m [1;30mWARNING[0m [33mThe path '/home/hopkira/k9_ws/install/diagnostic_common_diagnostics' in the environment variable AMENT_PREFIX_PATH doesn't exist[0m
[1.170s] [34mcolcon.colcon_ros.prefix_path.ament[0m [1;30mWARNING[0m [33mThe path '/home/hopkira/k9_ws/install/audio_common' in the environment variable AMENT_PREFIX_PATH doesn't exist[0m
[1.170s] [34mcolcon.colcon_ros.prefix_path.ament[0m [1;30mWARNING[0m [33mThe path '/home/hopkira/k9_ws/install/audio_capture' in the environment variable AMENT_PREFIX_PATH doesn't exist[0m
[1.170s] [34mcolcon.colcon_ros.prefix_path.ament[0m [1;30mWARNING[0m [33mThe path '/home/hopkira/k9_ws/install/diagnostic_updater' in the environment variable AMENT_PREFIX_PATH doesn't exist[0m
[1.170s] [34mcolcon.colcon_ros.prefix_path.ament[0m [1;30mWARNING[0m [33mThe path '/home/hopkira/k9_ws/install/diagnostic_remote_logging' in the environment variable AMENT_PREFIX_PATH doesn't exist[0m
[1.170s] [34mcolcon.colcon_ros.prefix_path.ament[0m [1;30mWARNING[0m [33mThe path '/home/hopkira/k9_ws/install/diagnostic_aggregator' in the environment variable AMENT_PREFIX_PATH doesn't exist[0m
[1.170s] [34mcolcon.colcon_ros.prefix_path.ament[0m [1;30mWARNING[0m [33mThe path '/home/hopkira/k9_ws/install/cv_bridge' in the environment variable AMENT_PREFIX_PATH doesn't exist[0m
[1.170s] [34mcolcon.colcon_ros.prefix_path.ament[0m [1;30mWARNING[0m [33mThe path '/home/hopkira/k9_ws/install/audio_common_msgs' in the environment variable AMENT_PREFIX_PATH doesn't exist[0m
[1.170s] [34mcolcon.colcon_ros.prefix_path.catkin[0m [1;30mWARNING[0m [33mThe path '/home/hopkira/k9_ws/src/k9_chess_pkg/k9_chess_interfaces/install/k9_chess_interfaces' in the environment variable CMAKE_PREFIX_PATH doesn't exist[0m
[1.172s] [34mcolcon.colcon_ros.prefix_path.catkin[0m [1;30mWARNING[0m [33mThe path '/home/hopkira/k9_ws/install/vision_opencv' in the environment variable CMAKE_PREFIX_PATH doesn't exist[0m
[1.172s] [34mcolcon.colcon_ros.prefix_path.catkin[0m [1;30mWARNING[0m [33mThe path '/home/hopkira/k9_ws/install/diagnostics' in the environment variable CMAKE_PREFIX_PATH doesn't exist[0m
[1.172s] [34mcolcon.colcon_ros.prefix_path.catkin[0m [1;30mWARNING[0m [33mThe path '/home/hopkira/k9_ws/install/self_test' in the environment variable CMAKE_PREFIX_PATH doesn't exist[0m
[1.172s] [34mcolcon.colcon_ros.prefix_path.catkin[0m [1;30mWARNING[0m [33mThe path '/home/hopkira/k9_ws/install/k9_interfaces_pkg' in the environment variable CMAKE_PREFIX_PATH doesn't exist[0m
[1.172s] [34mcolcon.colcon_ros.prefix_path.catkin[0m [1;30mWARNING[0m [33mThe path '/home/hopkira/k9_ws/install/image_geometry' in the environment variable CMAKE_PREFIX_PATH doesn't exist[0m
[1.172s] [34mcolcon.colcon_ros.prefix_path.catkin[0m [1;30mWARNING[0m [33mThe path '/home/hopkira/k9_ws/install/diagnostic_common_diagnostics' in the environment variable CMAKE_PREFIX_PATH doesn't exist[0m
[1.172s] [34mcolcon.colcon_ros.prefix_path.catkin[0m [1;30mWARNING[0m [33mThe path '/home/hopkira/k9_ws/install/audio_common' in the environment variable CMAKE_PREFIX_PATH doesn't exist[0m
[1.172s] [34mcolcon.colcon_ros.prefix_path.catkin[0m [1;30mWARNING[0m [33mThe path '/home/hopkira/k9_ws/install/audio_capture' in the environment variable CMAKE_PREFIX_PATH doesn't exist[0m
[1.172s] [34mcolcon.colcon_ros.prefix_path.catkin[0m [1;30mWARNING[0m [33mThe path '/home/hopkira/k9_ws/install/diagnostic_updater' in the environment variable CMAKE_PREFIX_PATH doesn't exist[0m
[1.172s] [34mcolcon.colcon_ros.prefix_path.catkin[0m [1;30mWARNING[0m [33mThe path '/home/hopkira/k9_ws/install/diagnostic_remote_logging' in the environment variable CMAKE_PREFIX_PATH doesn't exist[0m
[1.172s] [34mcolcon.colcon_ros.prefix_path.catkin[0m [1;30mWARNING[0m [33mThe path '/home/hopkira/k9_ws/install/diagnostic_aggregator' in the environment variable CMAKE_PREFIX_PATH doesn't exist[0m
[1.172s] [34mcolcon.colcon_ros.prefix_path.catkin[0m [1;30mWARNING[0m [33mThe path '/home/hopkira/k9_ws/install/cv_bridge' in the environment variable CMAKE_PREFIX_PATH doesn't exist[0m
[1.172s] [34mcolcon.colcon_ros.prefix_path.catkin[0m [1;30mWARNING[0m [33mThe path '/home/hopkira/k9_ws/install/audio_common_msgs' in the environment variable CMAKE_PREFIX_PATH doesn't exist[0m
[3.247s] [34mcolcon.colcon_core.event_handler.log_command[0m [1;30mDEBUG[0m [32mInvoking command in '/home/hopkira/k9_ws/src/k9_chess/build/k9_chess': PS1=(py311_ros) \[\e]0;\u@\h: \w\a\]${debian_chroot:+($debian_chroot)}\[\033[01;32m\]\u@\h\[\033[00m\]:\[\033[01;34m\]\w \$\[\033[00m\] PYTHONPATH=/home/hopkira/k9_ws/src/k9_chess/build/k9_chess/prefix_override:/home/hopkira/py311_ros/lib/python3.11/site-packages/colcon_core/task/python/colcon_distutils_commands:/home/hopkira/k9_ws/src/k9_chess/install/k9_chess/lib/python3.11/site-packages:${PYTHONPATH} VIRTUAL_ENV_PROMPT=(py311_ros) /home/hopkira/py311_ros/bin/python3.11 -W ignore:setup.py install is deprecated -W ignore:easy_install command is deprecated setup.py develop --editable --build-directory /home/hopkira/k9_ws/src/k9_chess/build/k9_chess/build --no-deps symlink_data[0m
[3.905s] [34mcolcon.colcon_core.event_handler.log_command[0m [1;30mDEBUG[0m [32mInvoked command in '/home/hopkira/k9_ws/src/k9_chess/build/k9_chess' returned '1': PS1=(py311_ros) \[\e]0;\u@\h: \w\a\]${debian_chroot:+($debian_chroot)}\[\033[01;32m\]\u@\h\[\033[00m\]:\[\033[01;34m\]\w \$\[\033[00m\] PYTHONPATH=/home/hopkira/k9_ws/src/k9_chess/build/k9_chess/prefix_override:/home/hopkira/py311_ros/lib/python3.11/site-packages/colcon_core/task/python/colcon_distutils_commands:/home/hopkira/k9_ws/src/k9_chess/install/k9_chess/lib/python3.11/site-packages:${PYTHONPATH} VIRTUAL_ENV_PROMPT=(py311_ros) /home/hopkira/py311_ros/bin/python3.11 -W ignore:setup.py install is deprecated -W ignore:easy_install command is deprecated setup.py develop --editable --build-directory /home/hopkira/k9_ws/src/k9_chess/build/k9_chess/build --no-deps symlink_data[0m
[3.914s] [34mcolcon.colcon_parallel_executor.executor.parallel[0m [1;30mDEBUG[0m [32mclosing loop[0m
[3.915s] [34mcolcon.colcon_parallel_executor.executor.parallel[0m [1;30mDEBUG[0m [32mloop closed[0m
[3.915s] [34mcolcon.colcon_parallel_executor.executor.parallel[0m [1;30mDEBUG[0m [32mrun_until_complete finished with '1'[0m
[3.915s] [34mcolcon.colcon_core.event_reactor[0m [1;30mDEBUG[0m [32mjoining thread[0m
[3.928s] [34mcolcon.colcon_core.plugin_system[0m [1;30mINFO[0m Skipping extension 'colcon_notification.desktop_notification.notify_send': Could not find 'notify-send'
[3.928s] [34mcolcon.colcon_core.plugin_system[0m [1;30mINFO[0m Skipping extension 'colcon_notification.desktop_notification.terminal_notifier': Not used on non-Darwin systems
[3.928s] [34mcolcon.colcon_core.plugin_system[0m [1;30mINFO[0m Skipping extension 'colcon_notification.desktop_notification.win32': Not used on non-Windows systems
[3.928s] [34mcolcon.colcon_notification.desktop_notification[0m [1;30mINFO[0m Sending desktop notification using 'notify2'
[3.930s] [34mcolcon.colcon_notification.desktop_notification.notify2[0m [1;30mDEBUG[0m [32mFailed to initialize notify2: org.freedesktop.DBus.Error.ServiceUnknown: The name org.freedesktop.Notifications was not provided by any .service files[0m
[3.930s] [34mcolcon.colcon_core.event_reactor[0m [1;30mDEBUG[0m [32mjoined thread[0m
[3.930s] [34mcolcon.colcon_core.shell[0m [1;30mINFO[0m Creating prefix script '/home/hopkira/k9_ws/src/k9_chess/install/local_setup.ps1'
[3.932s] [34mcolcon.colcon_core.shell[0m [1;30mINFO[0m Creating prefix util module '/home/hopkira/k9_ws/src/k9_chess/install/_local_setup_util_ps1.py'
[3.934s] [34mcolcon.colcon_core.shell[0m [1;30mINFO[0m Creating prefix chain script '/home/hopkira/k9_ws/src/k9_chess/install/setup.ps1'
[3.946s] [34mcolcon.colcon_core.shell[0m [1;30mINFO[0m Creating prefix script '/home/hopkira/k9_ws/src/k9_chess/install/local_setup.sh'
[3.947s] [34mcolcon.colcon_core.shell[0m [1;30mINFO[0m Creating prefix util module '/home/hopkira/k9_ws/src/k9_chess/install/_local_setup_util_sh.py'
[3.948s] [34mcolcon.colcon_core.shell[0m [1;30mINFO[0m Creating prefix chain script '/home/hopkira/k9_ws/src/k9_chess/install/setup.sh'
[3.960s] [34mcolcon.colcon_core.shell[0m [1;30mINFO[0m Creating prefix script '/home/hopkira/k9_ws/src/k9_chess/install/local_setup.bash'
[3.961s] [34mcolcon.colcon_core.shell[0m [1;30mINFO[0m Creating prefix chain script '/home/hopkira/k9_ws/src/k9_chess/install/setup.bash'
[3.973s] [34mcolcon.colcon_core.shell[0m [1;30mINFO[0m Creating prefix script '/home/hopkira/k9_ws/src/k9_chess/install/local_setup.zsh'
[3.973s] [34mcolcon.colcon_core.shell[0m [1;30mINFO[0m Creating prefix chain script '/home/hopkira/k9_ws/src/k9_chess/install/setup.zsh'
